2018-08-20 22:04:47,918 spam.ham.eggs   CRITICAL worker 3   Message no. 1
2018-08-20 22:04:47,923 foo             CRITICAL worker 4   Message no. 1
2018-08-20 22:04:47,924 foo             CRITICAL worker 5   Message no. 1
2018-08-20 22:04:47,926 foo.bar.baz     CRITICAL worker 7   Message no. 1
2018-08-20 22:04:47,971 foo.bar         ERROR    worker 6   Message no. 2
2018-08-20 22:04:48,002 foo.bar.baz     CRITICAL worker 5   Message no. 2
2018-08-20 22:04:48,042 spam.ham.eggs   CRITICAL worker 1   Message no. 3
2018-08-20 22:04:48,059 spam.ham        CRITICAL worker 8   Message no. 2
2018-08-20 22:04:48,059 foo.bar         CRITICAL worker 6   Message no. 4
2018-08-20 22:04:48,090 foo.bar.baz     CRITICAL worker 5   Message no. 3
2018-08-20 22:04:48,093 foo.bar         CRITICAL worker 4   Message no. 4
2018-08-20 22:04:48,106 spam.ham        ERROR    worker 5   Message no. 4
2018-08-20 22:04:48,130 foo.bar.baz     CRITICAL worker 6   Message no. 5
2018-08-20 22:04:48,157 foo             CRITICAL worker 2   Message no. 5
2018-08-20 22:04:48,215 spam.ham        ERROR    worker 6   Message no. 6
2018-08-20 22:04:48,222 foo.bar         ERROR    worker 4   Message no. 6
2018-08-20 22:04:48,231 foo.bar.baz     ERROR    worker 3   Message no. 8
2018-08-20 22:04:48,282 foo             ERROR    worker 8   Message no. 6
2018-08-20 22:04:48,464 spam            CRITICAL worker 7   Message no. 10
2018-08-20 22:04:48,486 spam.ham.eggs   ERROR    worker 5   Message no. 10
2018-08-20 22:04:48,512 foo             CRITICAL worker 4   Message no. 9
2018-08-20 22:04:48,558 foo.bar.baz     CRITICAL worker 1   Message no. 8
2018-08-20 22:04:48,639 spam.ham.eggs   ERROR    worker 1   Message no. 9
2018-08-20 22:04:48,753 foo.bar         ERROR    worker 1   Message no. 10
