2018-08-20 22:04:47,910 foo             WARNING  worker 2   Message no. 1
2018-08-20 22:04:47,910 spam.ham.eggs   INFO     worker 1   Message no. 1
2018-08-20 22:04:47,918 spam.ham.eggs   CRITICAL worker 3   Message no. 1
2018-08-20 22:04:47,923 foo             CRITICAL worker 4   Message no. 1
2018-08-20 22:04:47,924 foo             CRITICAL worker 5   Message no. 1
2018-08-20 22:04:47,926 foo.bar.baz     INFO     worker 6   Message no. 1
2018-08-20 22:04:47,926 foo.bar.baz     CRITICAL worker 7   Message no. 1
2018-08-20 22:04:47,930 foo.bar         WARNING  worker 2   Message no. 2
2018-08-20 22:04:47,935 foo.bar         DEBUG    worker 8   Message no. 1
2018-08-20 22:04:47,941 spam.ham        WARNING  worker 3   Message no. 2
2018-08-20 22:04:47,951 foo.bar         DEBUG    worker 4   Message no. 2
2018-08-20 22:04:47,959 spam.ham        INFO     worker 2   Message no. 3
2018-08-20 22:04:47,968 spam.ham        DEBUG    worker 4   Message no. 3
2018-08-20 22:04:47,971 foo.bar         ERROR    worker 6   Message no. 2
2018-08-20 22:04:47,993 foo.bar         INFO     worker 7   Message no. 2
2018-08-20 22:04:48,002 foo.bar.baz     CRITICAL worker 5   Message no. 2
2018-08-20 22:04:48,011 foo.bar.baz     DEBUG    worker 1   Message no. 2
2018-08-20 22:04:48,017 foo.bar         INFO     worker 6   Message no. 3
2018-08-20 22:04:48,042 spam.ham.eggs   CRITICAL worker 1   Message no. 3
2018-08-20 22:04:48,049 foo.bar         DEBUG    worker 2   Message no. 4
2018-08-20 22:04:48,051 spam.ham.eggs   WARNING  worker 3   Message no. 3
2018-08-20 22:04:48,059 spam.ham        CRITICAL worker 8   Message no. 2
2018-08-20 22:04:48,059 foo.bar         CRITICAL worker 6   Message no. 4
2018-08-20 22:04:48,060 spam.ham        INFO     worker 7   Message no. 3
2018-08-20 22:04:48,089 spam            INFO     worker 3   Message no. 4
2018-08-20 22:04:48,090 foo.bar.baz     CRITICAL worker 5   Message no. 3
2018-08-20 22:04:48,093 foo.bar         CRITICAL worker 4   Message no. 4
2018-08-20 22:04:48,101 foo.bar         WARNING  worker 4   Message no. 5
2018-08-20 22:04:48,106 spam.ham        ERROR    worker 5   Message no. 4
2018-08-20 22:04:48,108 spam.ham        DEBUG    worker 8   Message no. 3
2018-08-20 22:04:48,122 spam.ham.eggs   DEBUG    worker 3   Message no. 5
2018-08-20 22:04:48,130 foo.bar.baz     CRITICAL worker 6   Message no. 5
2018-08-20 22:04:48,132 spam.ham        INFO     worker 3   Message no. 6
2018-08-20 22:04:48,154 foo.bar         DEBUG    worker 7   Message no. 4
2018-08-20 22:04:48,157 spam.ham.eggs   INFO     worker 1   Message no. 4
2018-08-20 22:04:48,157 foo             CRITICAL worker 2   Message no. 5
2018-08-20 22:04:48,193 spam.ham.eggs   INFO     worker 8   Message no. 4
2018-08-20 22:04:48,196 spam.ham.eggs   INFO     worker 5   Message no. 5
2018-08-20 22:04:48,210 spam.ham.eggs   DEBUG    worker 7   Message no. 5
2018-08-20 22:04:48,214 foo.bar.baz     DEBUG    worker 5   Message no. 6
2018-08-20 22:04:48,214 foo             WARNING  worker 3   Message no. 7
2018-08-20 22:04:48,215 spam.ham        ERROR    worker 6   Message no. 6
2018-08-20 22:04:48,216 spam.ham        INFO     worker 7   Message no. 6
2018-08-20 22:04:48,222 foo.bar         ERROR    worker 4   Message no. 6
2018-08-20 22:04:48,231 foo.bar.baz     ERROR    worker 3   Message no. 8
2018-08-20 22:04:48,247 spam.ham.eggs   WARNING  worker 7   Message no. 7
2018-08-20 22:04:48,268 foo             DEBUG    worker 8   Message no. 5
2018-08-20 22:04:48,269 foo.bar.baz     DEBUG    worker 1   Message no. 5
2018-08-20 22:04:48,271 foo             WARNING  worker 5   Message no. 7
2018-08-20 22:04:48,273 foo             INFO     worker 2   Message no. 6
2018-08-20 22:04:48,282 foo             ERROR    worker 8   Message no. 6
2018-08-20 22:04:48,296 foo.bar         INFO     worker 3   Message no. 9
2018-08-20 22:04:48,303 foo.bar         DEBUG    worker 7   Message no. 8
2018-08-20 22:04:48,321 spam.ham        INFO     worker 6   Message no. 7
2018-08-20 22:04:48,324 foo             DEBUG    worker 6   Message no. 8
2018-08-20 22:04:48,330 spam            DEBUG    worker 4   Message no. 7
2018-08-20 22:04:48,330 foo.bar         DEBUG    worker 8   Message no. 7
2018-08-20 22:04:48,344 foo             DEBUG    worker 3   Message no. 10
2018-08-20 22:04:48,350 spam.ham        INFO     worker 2   Message no. 7
2018-08-20 22:04:48,373 foo             INFO     worker 7   Message no. 9
2018-08-20 22:04:48,379 spam.ham        DEBUG    worker 1   Message no. 6
2018-08-20 22:04:48,382 foo             WARNING  worker 8   Message no. 8
2018-08-20 22:04:48,387 foo.bar.baz     INFO     worker 6   Message no. 9
2018-08-20 22:04:48,392 foo.bar.baz     DEBUG    worker 5   Message no. 8
2018-08-20 22:04:48,413 spam.ham.eggs   DEBUG    worker 5   Message no. 9
2018-08-20 22:04:48,417 foo.bar.baz     DEBUG    worker 4   Message no. 8
2018-08-20 22:04:48,439 spam.ham.eggs   INFO     worker 2   Message no. 8
2018-08-20 22:04:48,464 spam            CRITICAL worker 7   Message no. 10
2018-08-20 22:04:48,464 foo.bar         WARNING  worker 6   Message no. 10
2018-08-20 22:04:48,464 foo.bar.baz     WARNING  worker 2   Message no. 9
2018-08-20 22:04:48,486 spam.ham.eggs   ERROR    worker 5   Message no. 10
2018-08-20 22:04:48,499 spam.ham        WARNING  worker 1   Message no. 7
2018-08-20 22:04:48,505 spam.ham.eggs   INFO     worker 8   Message no. 9
2018-08-20 22:04:48,512 foo             CRITICAL worker 4   Message no. 9
2018-08-20 22:04:48,558 foo.bar.baz     CRITICAL worker 1   Message no. 8
2018-08-20 22:04:48,571 spam.ham.eggs   INFO     worker 2   Message no. 10
2018-08-20 22:04:48,596 spam            DEBUG    worker 4   Message no. 10
2018-08-20 22:04:48,602 foo.bar         WARNING  worker 8   Message no. 10
2018-08-20 22:04:48,639 spam.ham.eggs   ERROR    worker 1   Message no. 9
2018-08-20 22:04:48,753 foo.bar         ERROR    worker 1   Message no. 10
