MainProcess: 2018-08-20 22:43:09,196: root                : INFO    : lat, lon = 0, 0
MainProcess: 2018-08-20 22:43:09,248: root                : INFO    : lat, lon = 0, 1
MainProcess: 2018-08-20 22:43:09,251: root                : INFO    : lat, lon = 0, 2
MainProcess: 2018-08-20 22:43:09,252: root                : INFO    : lat, lon = 0, 3
MainProcess: 2018-08-20 22:43:09,252: root                : INFO    : lat, lon = 0, 4
MainProcess: 2018-08-20 22:43:09,253: root                : INFO    : lat, lon = 1, 0
MainProcess: 2018-08-20 22:43:09,254: root                : INFO    : lat, lon = 1, 1
MainProcess: 2018-08-20 22:43:09,255: root                : INFO    : lat, lon = 1, 2
MainProcess: 2018-08-20 22:43:09,256: root                : INFO    : lat, lon = 1, 3
MainProcess: 2018-08-20 22:43:09,257: root                : INFO    : lat, lon = 1, 4
MainProcess: 2018-08-20 22:43:09,258: root                : INFO    : lat, lon = 2, 0
MainProcess: 2018-08-20 22:43:09,258: root                : INFO    : lat, lon = 2, 1
MainProcess: 2018-08-20 22:43:09,259: root                : INFO    : lat, lon = 2, 2
MainProcess: 2018-08-20 22:43:09,261: root                : INFO    : lat, lon = 2, 3
MainProcess: 2018-08-20 22:43:09,261: root                : INFO    : lat, lon = 2, 4
MainProcess: 2018-08-20 22:43:09,262: root                : INFO    : lat, lon = 3, 0
MainProcess: 2018-08-20 22:43:09,263: root                : INFO    : lat, lon = 3, 1
MainProcess: 2018-08-20 22:43:09,264: root                : INFO    : lat, lon = 3, 2
MainProcess: 2018-08-20 22:43:09,264: root                : INFO    : lat, lon = 3, 3
MainProcess: 2018-08-20 22:43:09,265: root                : INFO    : lat, lon = 3, 4
MainProcess: 2018-08-20 22:43:09,265: root                : INFO    : lat, lon = 4, 0
MainProcess: 2018-08-20 22:43:09,266: root                : INFO    : lat, lon = 4, 1
MainProcess: 2018-08-20 22:43:09,266: root                : INFO    : lat, lon = 4, 2
MainProcess: 2018-08-20 22:43:09,266: root                : INFO    : lat, lon = 4, 3
MainProcess: 2018-08-20 22:43:09,267: root                : INFO    : lat, lon = 4, 4
ForkPoolWorker-34: 2018-08-20 22:43:09,353: root                : INFO    : processing lat, lon = 0, 1
	              0, 1
ForkPoolWorker-33: 2018-08-20 22:43:09,353: root                : INFO    : processing lat, lon = 0, 0
	              0, 0
ForkPoolWorker-35: 2018-08-20 22:43:09,354: root                : INFO    : processing lat, lon = 0, 2
	              0, 2
ForkPoolWorker-36: 2018-08-20 22:43:09,356: root                : INFO    : processing lat, lon = 0, 3
	              0, 3
ForkPoolWorker-37: 2018-08-20 22:43:09,357: root                : INFO    : processing lat, lon = 0, 4
	              0, 4
ForkPoolWorker-38: 2018-08-20 22:43:09,358: root                : INFO    : processing lat, lon = 1, 0
	              1, 0
ForkPoolWorker-39: 2018-08-20 22:43:09,360: root                : INFO    : processing lat, lon = 1, 1
	              1, 1
ForkPoolWorker-40: 2018-08-20 22:43:09,360: root                : INFO    : processing lat, lon = 1, 2
	              1, 2
ForkPoolWorker-34: 2018-08-20 22:43:09,456: root                : INFO    : processing lat, lon = 1, 3
	              1, 3
ForkPoolWorker-33: 2018-08-20 22:43:09,457: root                : INFO    : processing lat, lon = 1, 4
	              1, 4
ForkPoolWorker-35: 2018-08-20 22:43:09,458: root                : INFO    : processing lat, lon = 2, 0
	              2, 0
ForkPoolWorker-36: 2018-08-20 22:43:09,458: root                : INFO    : processing lat, lon = 2, 1
	              2, 1
ForkPoolWorker-37: 2018-08-20 22:43:09,461: root                : INFO    : processing lat, lon = 2, 2
	              2, 2
ForkPoolWorker-38: 2018-08-20 22:43:09,461: root                : INFO    : processing lat, lon = 2, 3
	              2, 3
ForkPoolWorker-39: 2018-08-20 22:43:09,462: root                : INFO    : processing lat, lon = 2, 4
	              2, 4
ForkPoolWorker-40: 2018-08-20 22:43:09,463: root                : INFO    : processing lat, lon = 3, 0
	              3, 0
ForkPoolWorker-34: 2018-08-20 22:43:09,559: root                : INFO    : processing lat, lon = 3, 1
	              3, 1
ForkPoolWorker-33: 2018-08-20 22:43:09,559: root                : INFO    : processing lat, lon = 3, 2
	              3, 2
ForkPoolWorker-35: 2018-08-20 22:43:09,559: root                : INFO    : processing lat, lon = 3, 3
	              3, 3
ForkPoolWorker-36: 2018-08-20 22:43:09,560: root                : INFO    : processing lat, lon = 3, 4
	              3, 4
ForkPoolWorker-37: 2018-08-20 22:43:09,563: root                : INFO    : processing lat, lon = 4, 0
	              4, 0
ForkPoolWorker-38: 2018-08-20 22:43:09,563: root                : INFO    : processing lat, lon = 4, 1
	              4, 1
ForkPoolWorker-39: 2018-08-20 22:43:09,564: root                : INFO    : processing lat, lon = 4, 2
	              4, 2
ForkPoolWorker-40: 2018-08-20 22:43:09,565: root                : INFO    : processing lat, lon = 4, 3
	              4, 3
ForkPoolWorker-34: 2018-08-20 22:43:09,661: root                : INFO    : processing lat, lon = 4, 4
	              4, 4
MainProcess: 2018-08-20 22:43:09,663: root                : DEBUG   : {0: {0: 0.8444218515250481, 1: 0.7579544029403025, 2: 0.420571580830845, 3: 0.25891675029296335, 4: 0.5112747213686085}, 1: {0: 0.7579544029403025, 1: 0.420571580830845, 2: 0.25891675029296335, 3: 0.5112747213686085, 4: 0.4049341374504143}, 2: {0: 0.420571580830845, 1: 0.25891675029296335, 2: 0.5112747213686085, 3: 0.4049341374504143, 4: 0.7837985890347726}, 3: {0: 0.25891675029296335, 1: 0.5112747213686085, 2: 0.4049341374504143, 3: 0.7837985890347726, 4: 0.30331272607892745}, 4: {0: 0.5112747213686085, 1: 0.4049341374504143, 2: 0.7837985890347726, 3: 0.30331272607892745, 4: 0.4765969541523558}}
MainProcess: 2018-08-20 22:43:09,663: root                : DEBUG   : 0.5082869529724121
ForkPoolWorker-33: 2018-08-20 22:43:09,768: root                : INFO    : processing lat, lon = 0, 0
	              0, 0
ForkPoolWorker-36: 2018-08-20 22:43:09,769: root                : INFO    : processing lat, lon = 0, 2
	              0, 2
ForkPoolWorker-37: 2018-08-20 22:43:09,769: root                : INFO    : processing lat, lon = 0, 3
	              0, 3
ForkPoolWorker-35: 2018-08-20 22:43:09,769: root                : INFO    : processing lat, lon = 0, 1
	              0, 1
ForkPoolWorker-38: 2018-08-20 22:43:09,770: root                : INFO    : processing lat, lon = 0, 4
	              0, 4
ForkPoolWorker-39: 2018-08-20 22:43:09,770: root                : INFO    : processing lat, lon = 1, 0
	              1, 0
ForkPoolWorker-40: 2018-08-20 22:43:09,771: root                : INFO    : processing lat, lon = 1, 1
	              1, 1
ForkPoolWorker-34: 2018-08-20 22:43:09,772: root                : INFO    : processing lat, lon = 1, 2
	              1, 2
ForkPoolWorker-33: 2018-08-20 22:43:09,870: root                : INFO    : processing lat, lon = 1, 3
	              1, 3
ForkPoolWorker-36: 2018-08-20 22:43:09,870: root                : INFO    : processing lat, lon = 1, 4
	              1, 4
ForkPoolWorker-37: 2018-08-20 22:43:09,871: root                : INFO    : processing lat, lon = 2, 0
	              2, 0
ForkPoolWorker-35: 2018-08-20 22:43:09,871: root                : INFO    : processing lat, lon = 2, 1
	              2, 1
ForkPoolWorker-38: 2018-08-20 22:43:09,871: root                : INFO    : processing lat, lon = 2, 2
	              2, 2
ForkPoolWorker-39: 2018-08-20 22:43:09,872: root                : INFO    : processing lat, lon = 2, 3
	              2, 3
ForkPoolWorker-40: 2018-08-20 22:43:09,872: root                : INFO    : processing lat, lon = 2, 4
	              2, 4
ForkPoolWorker-34: 2018-08-20 22:43:09,874: root                : INFO    : processing lat, lon = 3, 0
	              3, 0
ForkPoolWorker-33: 2018-08-20 22:43:09,972: root                : INFO    : processing lat, lon = 3, 1
	              3, 1
ForkPoolWorker-36: 2018-08-20 22:43:09,972: root                : INFO    : processing lat, lon = 3, 2
	              3, 2
ForkPoolWorker-37: 2018-08-20 22:43:09,973: root                : INFO    : processing lat, lon = 3, 3
	              3, 3
ForkPoolWorker-35: 2018-08-20 22:43:09,973: root                : INFO    : processing lat, lon = 3, 4
	              3, 4
ForkPoolWorker-38: 2018-08-20 22:43:09,973: root                : INFO    : processing lat, lon = 4, 0
	              4, 0
ForkPoolWorker-40: 2018-08-20 22:43:09,974: root                : INFO    : processing lat, lon = 4, 2
	              4, 2
ForkPoolWorker-39: 2018-08-20 22:43:09,974: root                : INFO    : processing lat, lon = 4, 1
	              4, 1
ForkPoolWorker-34: 2018-08-20 22:43:09,975: root                : INFO    : processing lat, lon = 4, 3
	              4, 3
ForkPoolWorker-33: 2018-08-20 22:43:10,073: root                : INFO    : processing lat, lon = 4, 4
	              4, 4
