MainProcess : root          : INFO    :  2018-08-30 17:46:02,072: Processing 40 documents using 8 processes.
Process-17  : root          : INFO    :  2018-08-30 17:46:02,079: >>>>>> Hi from process-1; processing docs 0 - 4
Process-17  : root          : INFO    :  2018-08-30 17:46:02,080: 1:  0
	and again 1:  0
Process-18  : root          : INFO    :  2018-08-30 17:46:02,081: >>>>>> Hi from process-2; processing docs 5 - 9
Process-18  : root          : INFO    :  2018-08-30 17:46:02,082: 2:  5
	and again 2:  5
Process-18  : root          : INFO    :  2018-08-30 17:46:02,082: 2:  6
	and again 2:  6
Process-19  : root          : INFO    :  2018-08-30 17:46:02,082: >>>>>> Hi from process-3; processing docs 10 - 14
Process-19  : root          : INFO    :  2018-08-30 17:46:02,083: 3: 10
	and again 3: 10
Process-20  : root          : INFO    :  2018-08-30 17:46:02,084: >>>>>> Hi from process-4; processing docs 15 - 19
Process-20  : root          : INFO    :  2018-08-30 17:46:02,086: 4: 15
	and again 4: 15
Process-20  : root          : INFO    :  2018-08-30 17:46:02,086: 4: 16
	and again 4: 16
Process-21  : root          : INFO    :  2018-08-30 17:46:02,086: >>>>>> Hi from process-5; processing docs 20 - 24
Process-21  : root          : INFO    :  2018-08-30 17:46:02,087: 5: 20
	and again 5: 20
Process-22  : root          : INFO    :  2018-08-30 17:46:02,088: >>>>>> Hi from process-6; processing docs 25 - 29
Process-22  : root          : INFO    :  2018-08-30 17:46:02,089: 6: 25
	and again 6: 25
Process-22  : root          : INFO    :  2018-08-30 17:46:02,089: 6: 26
	and again 6: 26
Process-23  : root          : INFO    :  2018-08-30 17:46:02,090: >>>>>> Hi from process-7; processing docs 30 - 34
Process-23  : root          : INFO    :  2018-08-30 17:46:02,091: 7: 30
	and again 7: 30
Process-24  : root          : INFO    :  2018-08-30 17:46:02,092: >>>>>> Hi from process-8; processing docs 35 - 39
Process-24  : root          : INFO    :  2018-08-30 17:46:02,094: 8: 35
	and again 8: 35
Process-24  : root          : INFO    :  2018-08-30 17:46:02,094: 8: 36
	and again 8: 36
Process-17  : root          : INFO    :  2018-08-30 17:46:02,181: 1:  1
	and again 1:  1
Process-17  : root          : INFO    :  2018-08-30 17:46:02,182: 1:  2
	and again 1:  2
Process-19  : root          : INFO    :  2018-08-30 17:46:02,184: 3: 11
	and again 3: 11
Process-19  : root          : INFO    :  2018-08-30 17:46:02,185: 3: 12
	and again 3: 12
Process-21  : root          : INFO    :  2018-08-30 17:46:02,189: 5: 21
	and again 5: 21
Process-21  : root          : INFO    :  2018-08-30 17:46:02,189: 5: 22
	and again 5: 22
Process-23  : root          : INFO    :  2018-08-30 17:46:02,192: 7: 31
	and again 7: 31
Process-23  : root          : INFO    :  2018-08-30 17:46:02,193: 7: 32
	and again 7: 32
Process-17  : root          : INFO    :  2018-08-30 17:46:02,283: 1:  3
	and again 1:  3
Process-18  : root          : INFO    :  2018-08-30 17:46:02,283: 2:  7
	and again 2:  7
Process-17  : root          : INFO    :  2018-08-30 17:46:02,283: 1:  4
	and again 1:  4
Process-18  : root          : INFO    :  2018-08-30 17:46:02,283: 2:  8
	and again 2:  8
Process-19  : root          : INFO    :  2018-08-30 17:46:02,286: 3: 13
	and again 3: 13
Process-19  : root          : INFO    :  2018-08-30 17:46:02,286: 3: 14
	and again 3: 14
Process-20  : root          : INFO    :  2018-08-30 17:46:02,288: 4: 17
	and again 4: 17
Process-20  : root          : INFO    :  2018-08-30 17:46:02,288: 4: 18
	and again 4: 18
Process-22  : root          : INFO    :  2018-08-30 17:46:02,290: 6: 27
	and again 6: 27
Process-21  : root          : INFO    :  2018-08-30 17:46:02,290: 5: 23
	and again 5: 23
Process-22  : root          : INFO    :  2018-08-30 17:46:02,291: 6: 28
	and again 6: 28
Process-21  : root          : INFO    :  2018-08-30 17:46:02,291: 5: 24
	and again 5: 24
Process-23  : root          : INFO    :  2018-08-30 17:46:02,294: 7: 33
	and again 7: 33
Process-23  : root          : INFO    :  2018-08-30 17:46:02,294: 7: 34
	and again 7: 34
Process-24  : root          : INFO    :  2018-08-30 17:46:02,295: 8: 37
	and again 8: 37
Process-24  : root          : INFO    :  2018-08-30 17:46:02,296: 8: 38
	and again 8: 38
Process-17  : root          : INFO    :  2018-08-30 17:46:02,384: >>>>>> Bye from process-1
Process-19  : root          : INFO    :  2018-08-30 17:46:02,388: >>>>>> Bye from process-3
Process-21  : root          : INFO    :  2018-08-30 17:46:02,392: >>>>>> Bye from process-5
Process-23  : root          : INFO    :  2018-08-30 17:46:02,396: >>>>>> Bye from process-7
Process-18  : root          : INFO    :  2018-08-30 17:46:02,485: 2:  9
	and again 2:  9
Process-18  : root          : INFO    :  2018-08-30 17:46:02,485: >>>>>> Bye from process-2
Process-20  : root          : INFO    :  2018-08-30 17:46:02,489: 4: 19
	and again 4: 19
Process-20  : root          : INFO    :  2018-08-30 17:46:02,489: >>>>>> Bye from process-4
Process-22  : root          : INFO    :  2018-08-30 17:46:02,492: 6: 29
	and again 6: 29
Process-22  : root          : INFO    :  2018-08-30 17:46:02,492: >>>>>> Bye from process-6
Process-24  : root          : INFO    :  2018-08-30 17:46:02,497: 8: 39
	and again 8: 39
Process-24  : root          : INFO    :  2018-08-30 17:46:02,497: >>>>>> Bye from process-8
MainProcess : root          : INFO    :  2018-08-30 17:46:02,500: NUM_DOCS_TOTAL: 40, len(total_results): 40
MainProcess : root          : INFO    :  2018-08-30 17:46:02,501: [(1, 0), (1, 1), (1, 2), (1, 3), (1, 4), (3, 10), (3, 11), (3, 12), (3, 13), (3, 14), (5, 20), (5, 21), (5, 22), (5, 23), (5, 24), (7, 30), (7, 31), (7, 32), (7, 33), (7, 34), (2, 5), (2, 6), (2, 7), (2, 8), (2, 9), (4, 15), (4, 16), (4, 17), (4, 18), (4, 19), (6, 25), (6, 26), (6, 27), (6, 28), (6, 29), (8, 35), (8, 36), (8, 37), (8, 38), (8, 39)]
