examples.child_logger_main              : INFO    :  2018-08-20 22:43:07,004: Starting up... 
examples.child_logger_main              : DEBUG   :  2018-08-20 22:43:07,004: Doing something boring with 0
examples.child_logger_main.sub_noprop   : DEBUG   :  2018-08-20 22:43:07,004: Doing something boring with 0
examples.child_logger_main.sub_prop     : DEBUG   :  2018-08-20 22:43:07,005: Doing something boring with 0
examples.child_logger_main              : INFO    :  2018-08-20 22:43:07,005: Doing something special with 0
examples.child_logger_main.sub_noprop   : INFO    :  2018-08-20 22:43:07,005: Doing something SPECIAL with 0
examples.child_logger_main.sub_prop     : INFO    :  2018-08-20 22:43:07,005: Doing something SPECIAL with 0
examples.child_logger_main              : DEBUG   :  2018-08-20 22:43:07,005: Doing something boring with 1
examples.child_logger_main.sub_noprop   : DEBUG   :  2018-08-20 22:43:07,005: Doing something boring with 1
examples.child_logger_main.sub_prop     : DEBUG   :  2018-08-20 22:43:07,005: Doing something boring with 1
examples.child_logger_main              : INFO    :  2018-08-20 22:43:07,005: Doing something special with 1
examples.child_logger_main.sub_noprop   : INFO    :  2018-08-20 22:43:07,005: Doing something SPECIAL with 1
examples.child_logger_main.sub_prop     : INFO    :  2018-08-20 22:43:07,006: Doing something SPECIAL with 1
examples.child_logger_main              : DEBUG   :  2018-08-20 22:43:07,006: Doing something boring with 2
examples.child_logger_main.sub_noprop   : DEBUG   :  2018-08-20 22:43:07,006: Doing something boring with 2
examples.child_logger_main.sub_prop     : DEBUG   :  2018-08-20 22:43:07,006: Doing something boring with 2
examples.child_logger_main              : INFO    :  2018-08-20 22:43:07,006: Doing something special with 2
examples.child_logger_main.sub_noprop   : INFO    :  2018-08-20 22:43:07,007: Doing something SPECIAL with 2
examples.child_logger_main.sub_prop     : INFO    :  2018-08-20 22:43:07,007: Doing something SPECIAL with 2
examples.child_logger_main              : INFO    :  2018-08-20 22:43:07,007: ... shutting down.
