MainProcess : root          : INFO    :  2018-08-20 22:43:08,638: Processing 40 documents using 8 processes.
Process-25  : root          : INFO    :  2018-08-20 22:43:08,647: >>>>>> Hi from process-1; processing docs 0 - 4
Process-25  : root          : INFO    :  2018-08-20 22:43:08,648: 1:  0
	and again 1:  0
Process-26  : root          : INFO    :  2018-08-20 22:43:08,649: >>>>>> Hi from process-2; processing docs 5 - 9
Process-26  : root          : INFO    :  2018-08-20 22:43:08,650: 2:  5
	and again 2:  5
Process-26  : root          : INFO    :  2018-08-20 22:43:08,651: 2:  6
	and again 2:  6
Process-27  : root          : INFO    :  2018-08-20 22:43:08,651: >>>>>> Hi from process-3; processing docs 10 - 14
Process-27  : root          : INFO    :  2018-08-20 22:43:08,652: 3: 10
	and again 3: 10
Process-28  : root          : INFO    :  2018-08-20 22:43:08,653: >>>>>> Hi from process-4; processing docs 15 - 19
Process-28  : root          : INFO    :  2018-08-20 22:43:08,655: 4: 15
	and again 4: 15
Process-28  : root          : INFO    :  2018-08-20 22:43:08,655: 4: 16
	and again 4: 16
Process-29  : root          : INFO    :  2018-08-20 22:43:08,655: >>>>>> Hi from process-5; processing docs 20 - 24
Process-29  : root          : INFO    :  2018-08-20 22:43:08,657: 5: 20
	and again 5: 20
Process-31  : root          : INFO    :  2018-08-20 22:43:08,659: >>>>>> Hi from process-7; processing docs 30 - 34
Process-31  : root          : INFO    :  2018-08-20 22:43:08,660: 7: 30
	and again 7: 30
Process-30  : root          : INFO    :  2018-08-20 22:43:08,660: >>>>>> Hi from process-6; processing docs 25 - 29
Process-30  : root          : INFO    :  2018-08-20 22:43:08,661: 6: 25
	and again 6: 25
Process-30  : root          : INFO    :  2018-08-20 22:43:08,662: 6: 26
	and again 6: 26
Process-32  : root          : INFO    :  2018-08-20 22:43:08,661: >>>>>> Hi from process-8; processing docs 35 - 39
Process-32  : root          : INFO    :  2018-08-20 22:43:08,662: 8: 35
	and again 8: 35
Process-32  : root          : INFO    :  2018-08-20 22:43:08,663: 8: 36
	and again 8: 36
Process-25  : root          : INFO    :  2018-08-20 22:43:08,749: 1:  1
	and again 1:  1
Process-25  : root          : INFO    :  2018-08-20 22:43:08,750: 1:  2
	and again 1:  2
Process-27  : root          : INFO    :  2018-08-20 22:43:08,754: 3: 11
	and again 3: 11
Process-27  : root          : INFO    :  2018-08-20 22:43:08,755: 3: 12
	and again 3: 12
Process-29  : root          : INFO    :  2018-08-20 22:43:08,758: 5: 21
	and again 5: 21
Process-29  : root          : INFO    :  2018-08-20 22:43:08,758: 5: 22
	and again 5: 22
Process-31  : root          : INFO    :  2018-08-20 22:43:08,762: 7: 31
	and again 7: 31
Process-31  : root          : INFO    :  2018-08-20 22:43:08,763: 7: 32
	and again 7: 32
Process-26  : root          : INFO    :  2018-08-20 22:43:08,851: 2:  7
	and again 2:  7
Process-25  : root          : INFO    :  2018-08-20 22:43:08,851: 1:  3
	and again 1:  3
Process-26  : root          : INFO    :  2018-08-20 22:43:08,852: 2:  8
	and again 2:  8
Process-25  : root          : INFO    :  2018-08-20 22:43:08,852: 1:  4
	and again 1:  4
Process-28  : root          : INFO    :  2018-08-20 22:43:08,856: 4: 17
	and again 4: 17
Process-27  : root          : INFO    :  2018-08-20 22:43:08,856: 3: 13
	and again 3: 13
Process-28  : root          : INFO    :  2018-08-20 22:43:08,857: 4: 18
	and again 4: 18
Process-27  : root          : INFO    :  2018-08-20 22:43:08,857: 3: 14
	and again 3: 14
Process-29  : root          : INFO    :  2018-08-20 22:43:08,860: 5: 23
	and again 5: 23
Process-29  : root          : INFO    :  2018-08-20 22:43:08,860: 5: 24
	and again 5: 24
Process-30  : root          : INFO    :  2018-08-20 22:43:08,863: 6: 27
	and again 6: 27
Process-30  : root          : INFO    :  2018-08-20 22:43:08,863: 6: 28
	and again 6: 28
Process-32  : root          : INFO    :  2018-08-20 22:43:08,864: 8: 37
	and again 8: 37
Process-32  : root          : INFO    :  2018-08-20 22:43:08,864: 8: 38
	and again 8: 38
Process-31  : root          : INFO    :  2018-08-20 22:43:08,865: 7: 33
	and again 7: 33
Process-31  : root          : INFO    :  2018-08-20 22:43:08,865: 7: 34
	and again 7: 34
Process-25  : root          : INFO    :  2018-08-20 22:43:08,954: >>>>>> Bye from process-1
Process-27  : root          : INFO    :  2018-08-20 22:43:08,958: >>>>>> Bye from process-3
Process-29  : root          : INFO    :  2018-08-20 22:43:08,962: >>>>>> Bye from process-5
Process-31  : root          : INFO    :  2018-08-20 22:43:08,966: >>>>>> Bye from process-7
Process-26  : root          : INFO    :  2018-08-20 22:43:09,053: 2:  9
	and again 2:  9
Process-26  : root          : INFO    :  2018-08-20 22:43:09,054: >>>>>> Bye from process-2
Process-28  : root          : INFO    :  2018-08-20 22:43:09,058: 4: 19
	and again 4: 19
Process-28  : root          : INFO    :  2018-08-20 22:43:09,058: >>>>>> Bye from process-4
Process-30  : root          : INFO    :  2018-08-20 22:43:09,064: 6: 29
	and again 6: 29
Process-30  : root          : INFO    :  2018-08-20 22:43:09,065: >>>>>> Bye from process-6
Process-32  : root          : INFO    :  2018-08-20 22:43:09,065: 8: 39
	and again 8: 39
Process-32  : root          : INFO    :  2018-08-20 22:43:09,066: >>>>>> Bye from process-8
MainProcess : root          : INFO    :  2018-08-20 22:43:09,069: NUM_DOCS_TOTAL: 40, len(total_results): 40
MainProcess : root          : INFO    :  2018-08-20 22:43:09,070: [(1, 0), (1, 1), (1, 2), (1, 3), (1, 4), (3, 10), (3, 11), (3, 12), (3, 13), (3, 14), (5, 20), (5, 21), (5, 22), (5, 23), (5, 24), (7, 30), (7, 31), (7, 32), (7, 33), (7, 34), (2, 5), (2, 6), (2, 7), (2, 8), (2, 9), (4, 15), (4, 16), (4, 17), (4, 18), (4, 19), (6, 25), (6, 26), (6, 27), (6, 28), (6, 29), (8, 35), (8, 36), (8, 37), (8, 38), (8, 39)]
