10.330532
8.660252
11.406022
16.895870
10.569691
8.769665
12.341034
10.586456
13.140098
9.760492
10.905803
8.364235
9.963611
9.966216
11.979760
10.589153
10.291902
11.728369
7.102295
10.340463
10.700519
14.040546
6.039693
11.090854
9.129204
6.472722
8.774814
10.487576
10.256004
9.092806
8.126267
7.587579
13.372944
6.866983
7.983797
8.378869
14.388276
8.045593
10.144686
10.904970
15.813675
8.755638
12.018117
11.491992
12.541483
11.834361
13.906735
13.576154
11.653309
11.160227
7.057045
8.126599
15.098589
10.346669
4.732596
7.211549
6.745261
9.750114
11.123038
12.521410
5.922152
8.306471
10.876178
8.520647
6.885676
9.446433
13.208868
8.554345
3.172605
9.679609
8.692038
6.914163
11.700830
14.373598
8.877948
12.025042
10.251825
9.148382
8.650777
8.996645
11.118986
11.647806
12.704383
10.402582
11.785632
9.295418
7.574682
14.856954
5.072667
10.715558
6.153291
6.429502
10.618200
9.023495
8.332240
13.743971
7.955082
6.885067
8.754522
12.939063
11.531654
9.282334
6.447414
10.929748
8.963724
14.738536
10.089709
16.497002
6.382837
14.927329
13.048037
7.297967
10.279943
3.948990
10.382122
9.323200
9.207558
10.055000
8.597837
11.181178
12.680817
10.687190
14.281122
10.841786
2.304107
13.240937
11.103246
5.897364
12.456817
12.536612
8.123525
9.276716
11.761697
13.308500
8.261549
10.206600
8.968284
10.024673
8.055568
9.673772
11.279940
6.207473
8.798344
7.901915
13.232397
11.641729
9.903100
9.149976
14.608654
10.907567
5.081964
9.351430
13.405920
13.390483
13.179319
1.277227
9.236000
13.319318
5.635363
17.692103
7.455570
11.266465
9.433822
6.006763
9.926156
10.269008
8.182163
13.240423
8.587828
7.832840
3.978435
7.509331
9.041679
15.591271
5.066085
4.268151
19.458438
17.115301
10.676730
7.569647
9.246031
11.696825
10.775486
8.047538
11.941202
7.068462
5.827755
8.430111
12.485148
10.644269
10.556150
10.380253
8.531771
15.205949
10.025927
9.583471
12.492383
12.883939
10.671715
6.627146
15.634909
9.756549
8.723912
7.230252
5.099183
9.221513
10.678286
4.504610
9.818008
7.107543
11.722401
7.922325
13.041780
11.904666
10.690645
4.473340
8.764654
10.398426
7.090256
9.658564
7.854543
10.837759
5.489405
9.940062
4.513246
7.053527
7.803765
11.260623
9.614484
13.545442
9.599591
12.120646
10.752248
8.165888
12.445111
8.125626
11.932606
6.411746
6.421902
8.565306
10.660926
10.025031
5.735883
12.283350
9.603653
4.254898
13.158185
15.528318
10.419452
5.693244
12.585060
5.839700
5.870283
5.720070
8.584344
12.842345
10.510185
4.910405
8.787766
8.161590
13.280324
8.278596
14.086149
7.029480
12.050727
12.657996
14.900840
13.852457
14.080386
7.622049
12.323942
8.776649
9.811266
10.519071
10.354937
15.114465
8.436208
5.536150
10.806130
8.965473
13.124862
8.204993
9.364010
12.683727
3.307899
9.576547
7.644931
8.053467
7.433599
8.217452
6.229533
10.134424
12.636680
10.089147
10.300519
16.392310
6.029297
8.477369
8.971306
7.170883
7.259850
14.223059
13.109724
14.300217
8.743771
9.029909
10.036913
10.677602
9.572490
11.758165
13.847892
7.639986
9.601288
7.181300
9.924363
11.192487
7.183839
10.124683
7.304724
11.317847
5.855774
12.259329
10.988256
7.736576
7.673378
8.696619
11.713721
9.832466
5.959988
12.404678
5.789147
13.554545
7.142561
10.040862
13.306622
11.943727
8.882411
7.577173
5.862613
14.346924
10.907682
14.116703
9.508252
6.005726
9.362350
16.070533
6.832107
18.858646
4.444456
12.885114
5.021130
11.428030
4.071917
11.414111
11.977695
8.496650
14.041513
12.116736
9.764693
16.635347
12.046474
11.766094
12.227056
11.233909
8.959545
10.337044
7.537312
10.826588
6.015597
13.174587
9.951744
9.203459
9.457230
9.532938
9.663491
3.809947
5.500537
2.723991
14.823737
9.414841
11.270088
11.267349
4.403399
5.891777
10.015957
11.981643
10.359912
9.509441
10.496270
2.666161
9.184994
11.629338
8.407392
8.348301
11.453992
15.137105
13.175980
13.617621
8.039616
2.075645
12.688239
8.888826
7.574921
10.124008
13.255293
14.852925
9.721821
15.767197
14.182027
7.024398
5.293312
10.429366
12.289791
4.096246
11.988825
2.543775
13.135033
7.589979
5.204734
13.276896
10.465568
11.347238
12.410771
12.402503
12.734264
9.720399
9.625708
10.011714
6.547070
11.464636
11.379033
12.061293
11.360042
12.997916
14.462943
6.726857
8.513028
12.325311
10.212859
10.652250
11.578922
11.335039
10.753293
10.942818
11.730918
10.509251
10.988685
10.387358
13.050431
8.295522
10.494522
13.414155
10.679488
11.257290
13.001879
10.506390
10.099115
8.493765
9.117148
7.945719
8.883153
11.071668
11.252923
5.701983
5.268478
7.780056
10.381133
7.954239
13.480711
2.822801
9.381112
8.370551
12.908209
8.762627
10.942943
17.861724
10.066213
8.688390
7.342771
7.081386
13.679493
12.019236
14.422795
8.955841
12.322918
5.148376
9.617447
13.170963
10.153790
6.883186
10.663848
2.962331
9.836156
8.725169
14.498717
8.119282
16.159399
2.045601
8.116090
7.662981
7.547099
8.879399
12.387736
8.455665
10.984320
8.392411
12.131317
11.015614
10.335982
10.146819
12.052640
8.814294
8.047723
7.564684
9.739798
9.079137
1.588341
8.962298
11.878625
15.786392
12.987365
9.362793
6.310655
9.110774
10.241523
8.156314
6.678019
13.959046
7.076346
10.604131
8.664388
6.541855
8.738654
8.581490
14.614637
9.624580
11.951157
8.136058
9.953737
10.666643
12.828893
9.763150
7.566493
6.961404
10.931524
12.522102
10.308866
9.948281
12.658705
12.739752
14.080039
11.890705
7.751470
13.634805
8.237563
8.192524
13.431581
11.573036
12.974988
7.668026
9.272141
10.491550
9.608721
11.493257
10.680863
7.306553
5.862902
9.441537
10.015745
5.371221
4.161433
11.647535
12.129265
13.467702
6.155849
6.533825
3.970784
15.506696
12.074760
9.070713
11.957810
11.932730
14.270295
5.577110
9.855007
13.512010
15.853459
9.261064
11.298545
11.095884
11.152041
8.711884
13.836797
10.423021
13.416491
13.843858
11.327636
3.623159
9.285720
7.546055
9.410159
9.544030
3.284811
4.177250
12.738018
10.521600
9.962074
14.005343
13.072739
6.093028
15.814290
11.455752
5.393347
8.173082
8.745877
8.003115
14.824944
9.128113
15.232374
9.300868
11.750851
11.511142
8.271794
14.843739
7.473280
7.867755
11.410454
11.183228
8.107932
9.311694
8.073078
8.579666
9.961714
6.322012
5.901579
13.275404
9.638798
9.100547
5.788418
9.995363
14.194673
9.603558
10.907239
11.007888
14.271080
8.383974
9.526070
5.286404
11.982361
8.560678
7.820776
9.656187
15.210944
10.510609
17.417610
7.447786
13.573405
18.029845
12.544529
8.048468
9.190889
9.914979
11.165483
12.058282
5.133295
7.486610
10.456325
11.640354
6.417149
10.270357
7.149845
10.462300
5.806292
9.476541
10.312899
7.933270
8.686526
12.075836
8.882555
15.110033
16.635823
15.848664
10.565731
6.254152
11.030854
8.592834
10.660068
14.270116
10.485647
5.104021
4.590914
10.203589
5.162760
13.046499
9.327531
11.802985
5.353682
14.086594
10.075989
7.964186
11.130355
8.173050
10.167717
6.859450
14.114323
3.481285
9.714493
18.821951
7.417215
3.883997
12.763356
7.248176
14.490885
12.451507
11.736705
10.338620
12.352117
11.394884
14.294392
6.967406
7.504278
8.291122
8.604471
10.332893
7.599019
10.125089
8.949673
11.521654
9.885287
5.074335
5.676189
10.643210
6.935322
9.841918
15.890569
11.659112
10.682629
11.344891
13.770843
8.412848
7.090830
5.284629
11.494908
10.454968
8.031090
6.532292
7.061257
11.918029
8.478033
8.237260
8.778662
11.327751
7.729499
10.348465
9.904708
6.423278
13.514915
10.946197
8.872497
16.207443
14.934174
7.608093
13.506216
7.431553
11.772950
10.226751
13.147921
9.519157
11.754756
10.469506
8.718461
13.051425
6.441420
15.365237
5.430608
8.199068
11.786255
8.580118
7.867454
10.126749
5.832951
11.772626
10.085020
6.604788
13.524588
11.346794
5.582843
7.893905
6.052712
11.336625
12.240469
11.133901
11.674150
7.578490
15.000479
10.751942
15.264398
8.821154
8.697103
12.215956
8.370523
8.346144
10.318918
11.039593
16.566595
8.179674
7.863404
6.254711
10.641606
11.164300
8.920654
10.685058
14.405546
13.678024
8.759675
7.155833
7.321146
7.742303
8.053345
9.700335
8.864224
10.235953
10.240076
10.652309
8.056095
12.270096
5.117832
8.492411
8.381232
10.340577
11.975669
10.208574
13.564307
7.545866
9.340240
13.045670
9.416335
3.887652
14.641979
7.277033
11.967986
13.005710
10.751002
13.986559
8.567266
6.545409
11.438586
8.252749
7.420232
6.871703
6.972070
4.573875
11.236444
12.380235
5.915134
7.890666
12.406985
9.424332
9.134736
9.665128
6.279247
9.830598
7.213305
10.693932
11.993462
9.355472
12.268298
7.948348
5.274948
10.368606
8.534843
11.729142
10.219011
9.825073
13.653653
8.292447
10.683183
7.842342
2.750740
15.184764
15.116799
7.947246
8.092405
11.093201
7.636982
12.853771
13.592024
14.818876
9.311421
7.898187
12.312443
11.268341
11.523339
8.250196
9.758276
12.291820
11.477879
14.350535
6.466051
12.822866
9.993579
9.998871
6.619247
13.962415
10.456405
13.083150
9.601892
5.976505
5.711996
11.431931
3.279332
17.641812
9.045135
9.943997
12.727994
9.438903
15.385458
5.594654
8.183222
8.234985
6.568826
7.436200
8.582093
12.672336
11.400730
9.800426
6.814123
10.040229
11.408542
12.739307
11.092364
9.785884
4.875356
7.540458
10.264620
9.742993
12.814874
12.417581
8.378689
-0.736788
10.982547
10.704928
11.248819
9.810925
9.498725
10.368354
7.326735
12.408639
9.247884
6.980592
9.535773
10.979281
10.627947
16.022682
9.019422
13.900090
10.341628
3.354827
11.253467
10.651065
5.318305
8.355965
8.095049
10.476501
11.406553
11.871476
10.384608
11.945927
6.736679
11.333663
14.724721
12.985654
8.719035
3.185753
13.302976
10.997545
9.036191
13.035129
9.579412
14.059341
9.438851
9.246051
9.175497
13.576384
17.869767
10.257202
13.251259
12.597927
14.210842
7.130621
14.811645
11.937779
10.505997
8.457116
8.272120
9.641064
7.474070
8.582759
8.292510
9.539596
