2018-08-30 17:46:08,823 spam.ham        WARNING  worker 2   Message no. 1
2018-08-30 17:46:08,824 foo             CRITICAL worker 1   Message no. 1
2018-08-30 17:46:08,826 spam.ham        CRITICAL worker 3   Message no. 1
2018-08-30 17:46:08,829 foo.bar.baz     CRITICAL worker 4   Message no. 1
2018-08-30 17:46:08,832 spam.ham        WARNING  worker 5   Message no. 1
2018-08-30 17:46:08,833 foo.bar.baz     ERROR    worker 6   Message no. 1
2018-08-30 17:46:08,836 foo             DEBUG    worker 7   Message no. 1
2018-08-30 17:46:08,838 spam.ham.eggs   WARNING  worker 8   Message no. 1
2018-08-30 17:46:08,864 spam.ham        DEBUG    worker 1   Message no. 2
2018-08-30 17:46:08,864 foo             CRITICAL worker 4   Message no. 2
2018-08-30 17:46:08,875 foo.bar         WARNING  worker 1   Message no. 3
2018-08-30 17:46:08,895 foo             DEBUG    worker 8   Message no. 2
2018-08-30 17:46:08,897 spam.ham        INFO     worker 5   Message no. 2
2018-08-30 17:46:08,897 foo.bar         INFO     worker 6   Message no. 2
2018-08-30 17:46:08,916 spam            CRITICAL worker 3   Message no. 2
2018-08-30 17:46:08,937 spam.ham        INFO     worker 4   Message no. 3
2018-08-30 17:46:08,942 spam.ham.eggs   ERROR    worker 2   Message no. 2
2018-08-30 17:46:08,944 spam            WARNING  worker 8   Message no. 3
2018-08-30 17:46:08,948 foo             WARNING  worker 1   Message no. 4
2018-08-30 17:46:08,963 foo.bar.baz     DEBUG    worker 7   Message no. 2
2018-08-30 17:46:08,967 foo             CRITICAL worker 1   Message no. 5
2018-08-30 17:46:08,974 spam.ham        INFO     worker 8   Message no. 4
2018-08-30 17:46:08,990 spam.ham.eggs   ERROR    worker 4   Message no. 4
2018-08-30 17:46:08,996 spam.ham        INFO     worker 3   Message no. 3
2018-08-30 17:46:09,005 spam.ham.eggs   ERROR    worker 5   Message no. 3
2018-08-30 17:46:09,010 spam.ham.eggs   WARNING  worker 8   Message no. 5
2018-08-30 17:46:09,012 foo             INFO     worker 6   Message no. 3
2018-08-30 17:46:09,016 foo.bar         ERROR    worker 2   Message no. 3
2018-08-30 17:46:09,042 foo.bar         CRITICAL worker 8   Message no. 6
2018-08-30 17:46:09,045 foo             WARNING  worker 2   Message no. 4
2018-08-30 17:46:09,051 foo.bar.baz     WARNING  worker 7   Message no. 3
2018-08-30 17:46:09,059 foo.bar         ERROR    worker 1   Message no. 6
2018-08-30 17:46:09,065 foo.bar         INFO     worker 4   Message no. 5
2018-08-30 17:46:09,087 spam            CRITICAL worker 8   Message no. 7
2018-08-30 17:46:09,091 foo             INFO     worker 5   Message no. 4
2018-08-30 17:46:09,100 spam.ham.eggs   CRITICAL worker 7   Message no. 4
2018-08-30 17:46:09,103 foo.bar.baz     WARNING  worker 3   Message no. 4
2018-08-30 17:46:09,108 spam            INFO     worker 1   Message no. 7
2018-08-30 17:46:09,115 foo             ERROR    worker 6   Message no. 4
2018-08-30 17:46:09,117 spam            CRITICAL worker 2   Message no. 5
2018-08-30 17:46:09,125 spam.ham        CRITICAL worker 6   Message no. 5
2018-08-30 17:46:09,157 foo.bar.baz     DEBUG    worker 7   Message no. 5
2018-08-30 17:46:09,169 foo             ERROR    worker 4   Message no. 6
2018-08-30 17:46:09,172 spam.ham        WARNING  worker 7   Message no. 6
2018-08-30 17:46:09,176 spam            INFO     worker 1   Message no. 8
2018-08-30 17:46:09,180 spam.ham.eggs   ERROR    worker 2   Message no. 6
2018-08-30 17:46:09,188 spam            CRITICAL worker 4   Message no. 7
2018-08-30 17:46:09,191 spam            CRITICAL worker 8   Message no. 8
2018-08-30 17:46:09,202 spam            DEBUG    worker 3   Message no. 5
2018-08-30 17:46:09,214 foo.bar         DEBUG    worker 5   Message no. 5
2018-08-30 17:46:09,215 foo             CRITICAL worker 6   Message no. 6
2018-08-30 17:46:09,227 foo.bar         DEBUG    worker 7   Message no. 7
2018-08-30 17:46:09,233 spam            ERROR    worker 1   Message no. 9
2018-08-30 17:46:09,258 foo.bar.baz     DEBUG    worker 4   Message no. 8
2018-08-30 17:46:09,265 spam            ERROR    worker 1   Message no. 10
2018-08-30 17:46:09,267 spam.ham        ERROR    worker 7   Message no. 8
2018-08-30 17:46:09,278 foo.bar         CRITICAL worker 3   Message no. 6
2018-08-30 17:46:09,286 spam.ham.eggs   WARNING  worker 2   Message no. 7
2018-08-30 17:46:09,292 foo.bar         INFO     worker 7   Message no. 9
2018-08-30 17:46:09,298 spam.ham        CRITICAL worker 6   Message no. 7
2018-08-30 17:46:09,312 foo.bar.baz     CRITICAL worker 8   Message no. 9
2018-08-30 17:46:09,314 foo.bar         ERROR    worker 5   Message no. 6
2018-08-30 17:46:09,335 foo.bar.baz     ERROR    worker 7   Message no. 10
2018-08-30 17:46:09,345 foo.bar         ERROR    worker 4   Message no. 9
2018-08-30 17:46:09,352 foo.bar.baz     CRITICAL worker 3   Message no. 7
2018-08-30 17:46:09,376 foo             ERROR    worker 2   Message no. 8
2018-08-30 17:46:09,395 foo.bar.baz     DEBUG    worker 4   Message no. 10
2018-08-30 17:46:09,410 spam            DEBUG    worker 8   Message no. 10
2018-08-30 17:46:09,413 foo             INFO     worker 5   Message no. 7
2018-08-30 17:46:09,414 spam.ham        ERROR    worker 6   Message no. 8
2018-08-30 17:46:09,445 foo.bar         INFO     worker 2   Message no. 9
2018-08-30 17:46:09,449 foo             DEBUG    worker 2   Message no. 10
2018-08-30 17:46:09,461 foo.bar         ERROR    worker 3   Message no. 8
2018-08-30 17:46:09,491 spam            ERROR    worker 5   Message no. 8
2018-08-30 17:46:09,495 spam.ham        CRITICAL worker 3   Message no. 9
2018-08-30 17:46:09,498 foo.bar.baz     WARNING  worker 6   Message no. 9
2018-08-30 17:46:09,541 spam            WARNING  worker 6   Message no. 10
2018-08-30 17:46:09,569 spam.ham        INFO     worker 3   Message no. 10
2018-08-30 17:46:09,602 foo             ERROR    worker 5   Message no. 9
2018-08-30 17:46:09,618 foo             INFO     worker 5   Message no. 10
