2018-08-30 17:46:08,824 foo             CRITICAL worker 1   Message no. 1
2018-08-30 17:46:08,826 spam.ham        CRITICAL worker 3   Message no. 1
2018-08-30 17:46:08,829 foo.bar.baz     CRITICAL worker 4   Message no. 1
2018-08-30 17:46:08,833 foo.bar.baz     ERROR    worker 6   Message no. 1
2018-08-30 17:46:08,864 foo             CRITICAL worker 4   Message no. 2
2018-08-30 17:46:08,916 spam            CRITICAL worker 3   Message no. 2
2018-08-30 17:46:08,942 spam.ham.eggs   ERROR    worker 2   Message no. 2
2018-08-30 17:46:08,967 foo             CRITICAL worker 1   Message no. 5
2018-08-30 17:46:08,990 spam.ham.eggs   ERROR    worker 4   Message no. 4
2018-08-30 17:46:09,005 spam.ham.eggs   ERROR    worker 5   Message no. 3
2018-08-30 17:46:09,016 foo.bar         ERROR    worker 2   Message no. 3
2018-08-30 17:46:09,042 foo.bar         CRITICAL worker 8   Message no. 6
2018-08-30 17:46:09,059 foo.bar         ERROR    worker 1   Message no. 6
2018-08-30 17:46:09,087 spam            CRITICAL worker 8   Message no. 7
2018-08-30 17:46:09,100 spam.ham.eggs   CRITICAL worker 7   Message no. 4
2018-08-30 17:46:09,115 foo             ERROR    worker 6   Message no. 4
2018-08-30 17:46:09,117 spam            CRITICAL worker 2   Message no. 5
2018-08-30 17:46:09,125 spam.ham        CRITICAL worker 6   Message no. 5
2018-08-30 17:46:09,169 foo             ERROR    worker 4   Message no. 6
2018-08-30 17:46:09,180 spam.ham.eggs   ERROR    worker 2   Message no. 6
2018-08-30 17:46:09,188 spam            CRITICAL worker 4   Message no. 7
2018-08-30 17:46:09,191 spam            CRITICAL worker 8   Message no. 8
2018-08-30 17:46:09,215 foo             CRITICAL worker 6   Message no. 6
2018-08-30 17:46:09,233 spam            ERROR    worker 1   Message no. 9
2018-08-30 17:46:09,265 spam            ERROR    worker 1   Message no. 10
2018-08-30 17:46:09,267 spam.ham        ERROR    worker 7   Message no. 8
2018-08-30 17:46:09,278 foo.bar         CRITICAL worker 3   Message no. 6
2018-08-30 17:46:09,298 spam.ham        CRITICAL worker 6   Message no. 7
2018-08-30 17:46:09,312 foo.bar.baz     CRITICAL worker 8   Message no. 9
2018-08-30 17:46:09,314 foo.bar         ERROR    worker 5   Message no. 6
2018-08-30 17:46:09,335 foo.bar.baz     ERROR    worker 7   Message no. 10
2018-08-30 17:46:09,345 foo.bar         ERROR    worker 4   Message no. 9
2018-08-30 17:46:09,352 foo.bar.baz     CRITICAL worker 3   Message no. 7
2018-08-30 17:46:09,376 foo             ERROR    worker 2   Message no. 8
2018-08-30 17:46:09,414 spam.ham        ERROR    worker 6   Message no. 8
2018-08-30 17:46:09,461 foo.bar         ERROR    worker 3   Message no. 8
2018-08-30 17:46:09,491 spam            ERROR    worker 5   Message no. 8
2018-08-30 17:46:09,495 spam.ham        CRITICAL worker 3   Message no. 9
2018-08-30 17:46:09,602 foo             ERROR    worker 5   Message no. 9
